MaxX=22;
MaxY=22;
Map=[];
Map[0]=[1,1,1,1,1,1,1,1,1,1,1,1,1,1,1,1,1,0,1,1,1,1];
Map[1]=[1,0,1,1,1,1,1,1,1,0,1,1,0,1,0,1,1,0,1,0,0,1];
Map[2]=[1,0,1,0,0,0,0,0,0,0,0,0,0,0,0,1,1,0,1,1,0,1];
Map[3]=[1,0,1,0,1,1,0,1,1,1,1,1,1,1,0,1,1,0,1,1,0,1];
Map[4]=[1,0,1,1,1,1,1,1,1,1,1,1,0,0,0,0,0,0,1,1,0,1];
Map[5]=[1,0,0,0,0,0,0,0,0,0,0,1,0,1,1,1,1,0,1,1,0,1];
Map[6]=[1,0,1,1,1,1,1,1,0,1,1,1,0,0,0,0,1,0,0,0,0,1];
Map[7]=[1,0,1,1,0,1,0,0,0,1,0,1,0,1,1,1,1,1,1,1,1,1];
Map[8]=[1,0,0,1,0,1,0,1,0,1,0,1,0,1,1,1,1,1,1,1,1,1];
Map[9]=[1,0,1,1,0,1,0,1,0,1,0,1,0,1,1,1,1,1,1,1,1,1];
Map[10]=[1,0,1,1,0,1,1,1,0,1,0,1,0,1,1,1,1,1,1,1,1,1];
Map[11]=[1,0,1,1,0,0,0,1,0,1,0,1,0,1,1,1,1,1,1,1,1,1];
Map[12]=[1,0,1,1,0,1,1,1,0,1,0,1,0,1,1,1,1,1,1,1,1,1];
Map[13]=[1,0,1,1,0,1,1,1,0,1,0,1,0,1,1,1,1,1,1,1,1,1];
Map[14]=[1,0,1,1,0,1,1,1,0,0,0,1,0,1,1,1,1,1,1,1,1,1];
Map[15]=[1,0,1,0,0,0,0,0,0,1,1,0,0,0,0,1,1,1,1,1,1,1];
Map[16]=[1,0,1,0,1,1,1,1,0,0,0,1,0,1,0,1,1,1,1,1,1,1];
Map[17]=[1,0,1,0,1,1,1,1,0,1,1,1,0,1,0,1,1,1,1,1,1,1];
Map[18]=[1,0,1,1,1,1,1,1,1,1,1,1,0,1,1,1,1,1,1,1,1,1];
Map[19]=[1,0,0,0,0,0,0,0,0,0,0,0,0,0,0,0,0,0,0,0,0,1];
Map[20]=[1,1,0,1,1,0,0,1,1,1,1,1,0,1,0,1,1,1,1,0,1,1];
Map[21]=[1,1,1,1,1,0,1,1,1,1,1,1,1,1,1,1,1,1,1,1,1,1];
myX=0;
myY=1;
myZ=17;
endX=21;
endY=1;
endZ=5;
